<?xml version="1.0" encoding="UTF-8"?>
<testsuite xmlns:xsi="http://www.w3.org/2001/XMLSchema-instance" xsi:noNamespaceSchemaLocation="https://maven.apache.org/surefire/maven-surefire-plugin/xsd/surefire-test-report.xsd" version="3.0.1" name="com.testing.FileLifecycleTest" time="0.025" tests="6" errors="0" skipped="0" failures="0">
  <properties>
[...]
</properties>
  <testcase name="testOpenFromClosed" classname="com.testing.FileLifecycleTest" time="0.011"/>
  <testcase name="testCloseAfterSave" classname="com.testing.FileLifecycleTest" time="0.001"/>
  <testcase name="testEditAfterOpen" classname="com.testing.FileLifecycleTest" time="0.0"/>
  <testcase name="testInvalidEditFromClosed" classname="com.testing.FileLifecycleTest" time="0.0"/>
  <testcase name="testSaveAfterModify" classname="com.testing.FileLifecycleTest" time="0.0"/>
  <testcase name="testInvalidSaveFromClosed" classname="com.testing.FileLifecycleTest" time="0.001"/>
</testsuite>